<?xml version="1.0" encoding="UTF-8"?>
<testng-results skipped="0" failed="0" ignored="0" total="1" passed="1">
  <reporter-output>
  </reporter-output>
  <suite name="Default suite" duration-ms="6989" started-at="2020-09-11T21:59:34Z" finished-at="2020-09-11T21:59:41Z">
    <groups>
    </groups>
    <test name="Default test" duration-ms="6989" started-at="2020-09-11T21:59:34Z" finished-at="2020-09-11T21:59:41Z">
      <class name="Test.AddTheCategoryTest">
        <test-method status="PASS" signature="UserShouldBeAbleToAddTheCategory()[pri:0, instance:Test.AddTheCategoryTest@75c072cb]" name="UserShouldBeAbleToAddTheCategory" duration-ms="6960" started-at="2020-09-11T21:59:34Z" finished-at="2020-09-11T21:59:41Z">
          <reporter-output>
          </reporter-output>
        </test-method> <!-- UserShouldBeAbleToAddTheCategory -->
      </class> <!-- Test.AddTheCategoryTest -->
    </test> <!-- Default test -->
  </suite> <!-- Default suite -->
</testng-results>
